2022-01-06 15:24:16 INFO  LoggersExample:20 - Opened OpenCart Application successfully
  2022-01-06 15:25:46 INFO  LoggersExample:20 - Opened OpenCart Application successfully
  2022-01-06 15:26:05 INFO  LoggersExample:20 - Opened OpenCart Application successfully
  2022-01-06 15:47:22 INFO  LoggersExample:20 - Opened OpenCart Application successfully
  2022-01-06 16:39:57 INFO  LoggersExample:21 - Opened OpenCart Application successfully
  2022-01-06 17:11:10 INFO  LoggersExample:80 - Print subtotoal successfully
  2022-01-06 17:12:53 INFO  LoggersExample:81 - Print subtotoal successfully
  2022-01-06 17:16:24 INFO  LoggersExample:78 - Cleared existing count
  2022-01-06 17:16:24 INFO  LoggersExample:80 - Updated value of count 10 is given
  2022-01-06 17:16:25 INFO  LoggersExample:83 - Updated successfully
  2022-01-06 17:16:25 INFO  LoggersExample:86 - Print subtotoal successfully
  2022-01-06 17:17:49 INFO  LoggersExample:78 - Cleared existing count
  2022-01-06 17:17:49 INFO  LoggersExample:80 - Updated value of count 10 is given
  2022-01-06 17:17:50 INFO  LoggersExample:83 - Updated successfully
  2022-01-06 17:17:50 INFO  LoggersExample:86 - Print subtotoal successfully
  2022-01-06 17:17:50 INFO  LoggersExample:88 - Chrome closed successfully!!!
  2022-01-06 17:30:05 INFO  LoggersExample:80 - Cleared existing count
  2022-01-06 17:30:05 INFO  LoggersExample:82 - Updated value of count 10 is given
  2022-01-06 17:30:06 INFO  LoggersExample:85 - Updated successfully
  2022-01-06 17:30:06 INFO  LoggersExample:88 - Print subtotoal successfully
  2022-01-06 17:30:06 INFO  LoggersExample:97 - Chrome closed successfully!!!
  2022-01-07 10:40:17 INFO  LoggersExample:80 - Cleared existing count
  2022-01-07 10:40:17 INFO  LoggersExample:82 - Updated value of count 10 is given
  2022-01-07 10:40:17 INFO  LoggersExample:85 - Updated successfully
  2022-01-07 10:40:17 INFO  LoggersExample:88 - Print subtotoal successfully
  2022-01-07 10:40:17 INFO  LoggersExample:97 - Chrome closed successfully!!!
  2022-01-07 10:50:26 INFO  LoggersExample:97 - Cleared existing count
  2022-01-07 10:50:26 INFO  LoggersExample:99 - Updated value of count 10 is given
  2022-01-07 10:50:26 INFO  LoggersExample:102 - Updated successfully
  2022-01-07 10:50:26 INFO  LoggersExample:105 - Print subtotoal successfully
  2022-01-07 10:50:27 INFO  LoggersExample:114 - Chrome closed successfully!!!
  2022-01-07 10:51:51 INFO  LoggersExample:79 - Cleared existing count
  2022-01-07 10:51:52 INFO  LoggersExample:81 - Updated value of count 10 is given
  2022-01-07 10:51:52 INFO  LoggersExample:84 - Updated successfully
  2022-01-07 10:51:52 INFO  LoggersExample:87 - Print subtotoal successfully
  2022-01-07 10:52:48 INFO  LoggersExample:79 - Cleared existing count
  2022-01-07 10:52:48 INFO  LoggersExample:81 - Updated value of count 10 is given
  2022-01-07 10:52:48 INFO  LoggersExample:84 - Updated successfully
  2022-01-07 10:52:48 INFO  LoggersExample:87 - Print subtotoal successfully
  2022-01-07 10:53:27 INFO  LoggersExample:79 - Cleared existing count
  2022-01-07 10:53:27 INFO  LoggersExample:81 - Updated value of count 10 is given
  2022-01-07 10:53:27 INFO  LoggersExample:84 - Updated successfully
  2022-01-07 10:53:27 INFO  LoggersExample:87 - Print subtotoal successfully
  2022-01-07 10:59:24 INFO  LoggersExample:79 - Cleared existing count
  2022-01-07 10:59:24 INFO  LoggersExample:81 - Updated value of count 10 is given
  2022-01-07 10:59:24 INFO  LoggersExample:84 - Updated successfully
  2022-01-07 10:59:24 INFO  LoggersExample:87 - Print subtotoal successfully
  2022-01-07 11:00:15 INFO  LoggersExample:79 - Cleared existing count
  2022-01-07 11:00:15 INFO  LoggersExample:81 - Updated value of count 10 is given
  2022-01-07 11:00:16 INFO  LoggersExample:84 - Updated successfully
  2022-01-07 11:00:16 INFO  LoggersExample:87 - Print subtotoal successfully
  2022-01-07 11:01:33 INFO  LoggersExample:79 - Cleared existing count
  2022-01-07 11:01:33 INFO  LoggersExample:81 - Updated value of count 10 is given
  2022-01-07 11:01:34 INFO  LoggersExample:84 - Updated successfully
  2022-01-07 11:01:34 INFO  LoggersExample:87 - Print subtotoal successfully
  2022-01-07 11:01:35 INFO  LoggersExample:107 - Chrome closed successfully!!!
  2022-01-07 11:03:39 INFO  LoggersExample:79 - Cleared existing count
  2022-01-07 11:03:39 INFO  LoggersExample:81 - Updated value of count 10 is given
  2022-01-07 11:03:39 INFO  LoggersExample:84 - Updated successfully
  2022-01-07 11:03:39 INFO  LoggersExample:87 - Print subtotoal successfully
  2022-01-07 11:03:40 INFO  LoggersExample:107 - Chrome closed successfully!!!
  2022-01-07 11:04:08 INFO  LoggersExample:79 - Cleared existing count
  2022-01-07 11:04:08 INFO  LoggersExample:81 - Updated value of count 10 is given
  2022-01-07 11:04:08 INFO  LoggersExample:84 - Updated successfully
  2022-01-07 11:04:08 INFO  LoggersExample:87 - Print subtotoal successfully
  2022-01-07 11:07:36 INFO  LoggersExample:79 - Cleared existing count
  2022-01-07 11:07:36 INFO  LoggersExample:81 - Updated value of count 10 is given
  2022-01-07 11:07:36 INFO  LoggersExample:84 - Updated successfully
  2022-01-07 11:07:36 INFO  LoggersExample:87 - Print subtotoal successfully
  2022-01-07 11:07:37 INFO  LoggersExample:108 - Chrome closed successfully!!!
  2022-01-07 11:11:02 INFO  LoggersExample:79 - Cleared existing count
  2022-01-07 11:11:02 INFO  LoggersExample:81 - Updated value of count 10 is given
  2022-01-07 11:11:02 INFO  LoggersExample:84 - Updated successfully
  2022-01-07 11:11:02 INFO  LoggersExample:87 - Print subtotoal successfully
  2022-01-07 11:12:29 INFO  LoggersExample:79 - Cleared existing count
  2022-01-07 11:12:29 INFO  LoggersExample:81 - Updated value of count 10 is given
  2022-01-07 11:12:29 INFO  LoggersExample:84 - Updated successfully
  2022-01-07 11:12:29 INFO  LoggersExample:87 - Print subtotoal successfully
  2022-01-07 11:21:58 INFO  LoggersExample:79 - Cleared existing count
  2022-01-07 11:21:58 INFO  LoggersExample:81 - Updated value of count 10 is given
  2022-01-07 11:21:59 INFO  LoggersExample:84 - Updated successfully
  2022-01-07 11:21:59 INFO  LoggersExample:87 - Print subtotoal successfully
  2022-01-07 11:21:59 INFO  LoggersExample:119 - Chrome closed successfully!!!
  2022-01-07 11:23:12 INFO  LoggersExample:79 - Cleared existing count
  2022-01-07 11:23:12 INFO  LoggersExample:81 - Updated value of count 10 is given
  2022-01-07 11:23:14 INFO  LoggersExample:84 - Updated successfully
  2022-01-07 11:23:14 INFO  LoggersExample:87 - Print subtotoal successfully
  2022-01-07 11:23:16 INFO  LoggersExample:119 - Chrome closed successfully!!!
  2022-01-07 11:24:25 INFO  LoggersExample:79 - Cleared existing count
  2022-01-07 11:24:25 INFO  LoggersExample:81 - Updated value of count 10 is given
  2022-01-07 11:24:27 INFO  LoggersExample:84 - Updated successfully
  2022-01-07 11:24:27 INFO  LoggersExample:87 - Print subtotoal successfully
  2022-01-07 11:24:29 INFO  LoggersExample:116 - Chrome closed successfully!!!
  2022-01-07 11:29:16 INFO  LoggersExample:79 - Cleared existing count
  2022-01-07 11:29:16 INFO  LoggersExample:81 - Updated value of count 10 is given
  2022-01-07 11:29:18 INFO  LoggersExample:84 - Updated successfully
  2022-01-07 11:29:18 INFO  LoggersExample:87 - Print subtotoal successfully
  2022-01-07 11:29:20 INFO  LoggersExample:136 - Chrome closed successfully!!!
  2022-01-07 14:10:01 INFO  LoggersExample:42 - Chrome closed successfully!!!
  2022-01-07 14:12:10 INFO  LoggersExample:42 - Chrome closed successfully!!!
  2022-01-07 14:13:12 INFO  LoggersExample:42 - Chrome closed successfully!!!
  2022-01-07 14:17:14 INFO  LoggersExample:32 - Chrome opened successfully!!!
  2022-01-07 14:17:16 INFO  LoggersExample:58 - Chrome closed successfully!!!
  2022-01-07 14:18:22 INFO  LoggersExample:32 - Chrome opened successfully!!!
  2022-01-07 14:18:23 INFO  LoggersExample:57 - Chrome closed successfully!!!
  2022-01-07 14:22:23 INFO  LoggersExample:32 - Chrome opened successfully!!!
  2022-01-07 14:22:26 INFO  LoggersExample:91 - Chrome closed successfully!!!
  2022-01-07 14:24:08 INFO  LoggersExample:32 - Chrome opened successfully!!!
  2022-01-07 14:24:09 INFO  LoggersExample:49 - Converted to Euro currency successfully
  2022-01-07 14:24:10 INFO  LoggersExample:63 - Clicked on pound drop-down link
  2022-01-07 14:24:10 INFO  LoggersExample:67 - Converted to pound currency successfully
  2022-01-07 14:24:10 INFO  LoggersExample:79 - Clicked on Dollar drop-down link
  2022-01-07 14:24:10 INFO  LoggersExample:83 - Converted to US Dollar currency successfully
  2022-01-07 14:24:10 INFO  LoggersExample:91 - Chrome closed successfully!!!
  2022-01-07 14:25:00 INFO  LoggersExample:32 - Chrome opened successfully!!!
  2022-01-07 14:25:00 INFO  LoggersExample:43 - Clicked on Euro drop-down link
  2022-01-07 14:25:00 INFO  LoggersExample:49 - Converted to Euro currency successfully
  2022-01-07 14:25:01 INFO  LoggersExample:63 - Clicked on pound drop-down link
  2022-01-07 14:25:01 INFO  LoggersExample:67 - Converted to pound currency successfully
  2022-01-07 14:25:02 INFO  LoggersExample:79 - Clicked on Dollar drop-down link
  2022-01-07 14:25:02 INFO  LoggersExample:83 - Converted to US Dollar currency successfully
  2022-01-07 14:25:02 INFO  LoggersExample:91 - Chrome closed successfully!!!
  2022-01-07 18:25:53 INFO  LoggersExample:105 - Cleared existing count
  2022-01-07 18:25:53 INFO  LoggersExample:107 - Updated value of count 10 is given
  2022-01-07 18:25:54 INFO  LoggersExample:110 - Updated successfully
  2022-01-07 18:25:54 INFO  LoggersExample:113 - Print subtotoal successfully
  2022-01-07 18:25:54 INFO  LoggersExample:158 - Chrome closed successfully!!!
  2022-01-07 18:27:01 INFO  LoggersExample:105 - Cleared existing count
  2022-01-07 18:27:01 INFO  LoggersExample:107 - Updated value of count 10 is given
  2022-01-07 18:27:02 INFO  LoggersExample:110 - Updated successfully
  2022-01-07 18:27:02 INFO  LoggersExample:113 - Print subtotoal successfully
  2022-01-07 18:27:02 INFO  LoggersExample:158 - Chrome closed successfully!!!
  2022-01-10 15:18:30 INFO  LoggersExample:152 - Chrome closed successfully!!!
  2022-01-10 15:20:37 INFO  LoggersExample:152 - Chrome closed successfully!!!
  2022-01-10 15:27:26 INFO  LoggersExample:152 - Chrome closed successfully!!!
  2022-01-10 15:29:40 INFO  LoggersExample:152 - Chrome closed successfully!!!
  2022-01-10 15:37:46 INFO  LoggersExample:152 - Chrome closed successfully!!!
  2022-01-10 16:08:05 INFO  LoggersExample:152 - Chrome closed successfully!!!
  2022-01-11 15:39:37 INFO  LoggersExample:32 - Chrome opened successfully!!!
  2022-01-11 15:39:43 INFO  LoggersExample:43 - Clicked on Euro drop-down link
  2022-01-11 16:20:43 INFO  LoggersExample:86 - Added coupon code and click the button 
  2022-01-11 16:22:58 INFO  LoggersExample:86 - Added coupon code and click the button 
  2022-01-11 16:25:45 INFO  LoggersExample:86 - Added coupon code and click the button 
  2022-01-11 16:37:48 INFO  LoggersExample:78 - Tested Update items in cart functionality.
  2022-01-11 16:37:49 INFO  LoggersExample:86 - Testedwhether final price is correct.
  2022-01-11 16:37:50 INFO  LoggersExample:135 - Coupon applied and deducted 10%
  2022-01-11 16:37:50 INFO  LoggersExample:93 - Tested Add Coupon functionality.
  2022-01-11 16:37:51 INFO  LoggersExample:100 - Tested Remove item from cart functionality.
  2022-01-11 16:37:51 INFO  LoggersExample:107 - Browser closed successfully!!!
  2022-01-11 18:05:41 INFO  LoggersExample:43 - Browser opened successfully!!!
  2022-01-11 18:05:46 INFO  LoggersExample:58 - Browser closed successfully!!!
  2022-01-11 18:08:04 INFO  LoggersExample:43 - Browser opened successfully!!!
  2022-01-11 18:08:04 INFO  LoggersExample:58 - Browser closed successfully!!!
  2022-01-11 18:09:57 INFO  LoggersExample:43 - Browser opened successfully!!!
  2022-01-11 18:09:57 INFO  LoggersExample:58 - Browser closed successfully!!!
  2022-01-11 18:10:36 INFO  LoggersExample:43 - Browser opened successfully!!!
  2022-01-11 18:10:36 INFO  LoggersExample:58 - Browser closed successfully!!!
  2022-01-11 18:12:38 INFO  LoggersExample:43 - Browser opened successfully!!!
  2022-01-11 18:12:38 INFO  LoggersExample:58 - Browser closed successfully!!!
  2022-01-11 18:13:40 INFO  LoggersExample:43 - Browser opened successfully!!!
  2022-01-11 18:13:41 INFO  LoggersExample:58 - Browser closed successfully!!!
  2022-01-11 18:16:50 INFO  LoggersExample:43 - Browser opened successfully!!!
  2022-01-11 18:16:52 INFO  LoggersExample:70 - Browser closed successfully!!!
  2022-01-11 18:20:02 INFO  LoggersExample:43 - Browser opened successfully!!!
  2022-01-11 18:20:03 INFO  LoggersExample:70 - Browser closed successfully!!!
  2022-01-11 18:21:01 INFO  LoggersExample:43 - Browser opened successfully!!!
  2022-01-11 18:21:03 INFO  LoggersExample:70 - Browser closed successfully!!!
  2022-01-11 18:21:56 INFO  LoggersExample:43 - Browser opened successfully!!!
  2022-01-11 18:21:57 INFO  LoggersExample:52 - Tested Euro currency functionality.
  2022-01-11 18:21:58 INFO  LoggersExample:59 - Tested Pound currency functionality.
  2022-01-11 18:21:58 INFO  LoggersExample:66 - Tested USDollar functionality.
  2022-01-11 18:21:59 INFO  LoggersExample:73 - Browser closed successfully!!!
  2022-01-12 12:32:05 INFO  LoggersExample:42 - Browser opened successfully!!!
  2022-01-12 12:32:14 INFO  LoggersExample:62 - Updated count of item in cart
  2022-01-12 12:32:15 INFO  LoggersExample:79 - Tested Update items in cart functionality.
  2022-01-12 12:32:16 INFO  LoggersExample:87 - Testedwhether final price is correct.
  2022-01-12 12:32:18 INFO  LoggersExample:135 - Coupon applied and deducted 10%
  2022-01-12 12:32:18 INFO  LoggersExample:94 - Tested Add Coupon functionality.
  2022-01-12 12:32:19 INFO  LoggersExample:71 - Clicked on remove button
  2022-01-12 12:32:19 INFO  LoggersExample:101 - Tested Remove item from cart functionality.
  2022-01-12 12:32:19 INFO  LoggersExample:108 - Browser closed successfully!!!
  2022-01-12 12:32:51 INFO  LoggersExample:43 - Browser opened successfully!!!
  2022-01-12 12:32:53 INFO  LoggersExample:52 - Tested Euro currency functionality.
  2022-01-12 12:32:53 INFO  LoggersExample:59 - Tested Pound currency functionality.
  2022-01-12 12:32:54 INFO  LoggersExample:66 - Tested USDollar functionality.
  2022-01-12 12:32:54 INFO  LoggersExample:73 - Browser closed successfully!!!
  2022-01-12 12:33:20 INFO  LoggersExample:43 - Browser opened successfully!!!
  2022-01-12 12:33:21 INFO  LoggersExample:52 - Tested Euro currency functionality.
  2022-01-12 12:33:21 INFO  LoggersExample:59 - Tested Pound currency functionality.
  2022-01-12 12:33:22 INFO  LoggersExample:66 - Tested USDollar functionality.
  2022-01-12 12:33:22 INFO  LoggersExample:73 - Browser closed successfully!!!
  2022-01-12 14:49:24 INFO  LoggersExample:48 - Browser opened successfully!!!
  2022-01-12 14:49:34 INFO  LoggersExample:93 - Testedwhether final price is correct.
  2022-01-12 14:49:35 INFO  LoggersExample:71 - Clicked on remove button
  2022-01-12 14:49:35 INFO  LoggersExample:107 - Tested Remove item from cart functionality.
  2022-01-12 14:52:37 INFO  LoggersExample:48 - Browser opened successfully!!!
  2022-01-12 14:54:09 INFO  LoggersExample:48 - Browser opened successfully!!!
  2022-01-12 14:54:12 INFO  LoggersExample:62 - Updated count of item in cart
  2022-01-12 14:54:13 INFO  LoggersExample:79 - Tested Update items in cart functionality.
  2022-01-12 14:54:14 INFO  LoggersExample:87 - Testedwhether final price is correct.
  2022-01-12 14:54:16 INFO  LoggersExample:135 - Coupon applied and deducted 10%
  2022-01-12 14:54:16 INFO  LoggersExample:94 - Tested Add Coupon functionality.
  2022-01-12 14:54:16 INFO  LoggersExample:71 - Clicked on remove button
  2022-01-12 14:54:16 INFO  LoggersExample:101 - Tested Remove item from cart functionality.
  2022-01-12 14:54:17 INFO  LoggersExample:108 - Browser closed successfully!!!
  2022-01-12 14:56:07 INFO  LoggersExample:47 - Browser opened successfully!!!
  2022-01-12 14:56:10 INFO  LoggersExample:108 - Tested Euro currency functionality.
  2022-01-12 14:56:10 INFO  LoggersExample:115 - Tested Pound currency functionality.
  2022-01-12 14:56:11 INFO  LoggersExample:122 - Tested USDollar functionality.
  2022-01-12 14:56:12 INFO  LoggersExample:62 - Updated count of item in cart
  2022-01-12 14:56:12 INFO  LoggersExample:79 - Tested Update items in cart functionality.
  2022-01-12 14:56:13 INFO  LoggersExample:87 - Testedwhether final price is correct.
  2022-01-12 14:56:15 INFO  LoggersExample:135 - Coupon applied and deducted 10%
  2022-01-12 14:56:15 INFO  LoggersExample:94 - Tested Add Coupon functionality.
  2022-01-12 14:56:16 INFO  LoggersExample:71 - Clicked on remove button
  2022-01-12 14:56:16 INFO  LoggersExample:101 - Tested Remove item from cart functionality.
  2022-01-12 14:56:16 INFO  LoggersExample:129 - Browser closed successfully!!!
  2022-01-12 15:09:23 INFO  LoggersExample:48 - Browser opened successfully!!!
  2022-01-12 15:09:39 INFO  LoggersExample:64 - Updated count of item in cart
  2022-01-12 15:09:40 INFO  LoggersExample:85 - Tested Update items in cart functionality.
  2022-01-12 15:09:41 INFO  LoggersExample:93 - Testedwhether final price is correct.
  2022-01-12 15:09:42 INFO  LoggersExample:135 - Coupon applied and deducted 10%
  2022-01-12 15:09:42 INFO  LoggersExample:100 - Tested Add Coupon functionality.
  2022-01-12 15:09:43 INFO  LoggersExample:73 - Clicked on remove button
  2022-01-12 15:09:43 INFO  LoggersExample:107 - Tested Remove item from cart functionality.
  2022-01-12 15:09:43 INFO  LoggersExample:114 - Browser closed successfully!!!
  2022-01-12 15:10:04 INFO  LoggersExample:48 - Browser opened successfully!!!
  2022-01-12 15:10:12 INFO  LoggersExample:64 - Updated count of item in cart
  2022-01-12 15:10:13 INFO  LoggersExample:85 - Tested Update items in cart functionality.
  2022-01-12 15:10:14 INFO  LoggersExample:93 - Testedwhether final price is correct.
  2022-01-12 15:10:15 INFO  LoggersExample:135 - Coupon applied and deducted 10%
  2022-01-12 15:10:15 INFO  LoggersExample:100 - Tested Add Coupon functionality.
  2022-01-12 15:10:16 INFO  LoggersExample:73 - Clicked on remove button
  2022-01-12 15:10:16 INFO  LoggersExample:107 - Tested Remove item from cart functionality.
  2022-01-12 15:10:16 INFO  LoggersExample:114 - Browser closed successfully!!!
  2022-01-12 15:10:40 INFO  LoggersExample:48 - Browser opened successfully!!!
  2022-01-12 16:02:15 INFO  LoggersExample:32 - Chrome opened successfully!!!
  2022-01-12 16:02:31 INFO  LoggersExample:152 - Chrome closed successfully!!!
  2022-01-12 16:02:32 INFO  LoggersExample:43 - Clicked on Euro drop-down link
  2022-01-12 16:02:32 INFO  LoggersExample:49 - Converted to Euro currency successfully
  2022-01-12 16:02:33 INFO  LoggersExample:63 - Clicked on pound drop-down link
  2022-01-12 16:02:33 INFO  LoggersExample:67 - Converted to pound currency successfully
  2022-01-12 16:02:34 INFO  LoggersExample:79 - Clicked on Dollar drop-down link
  2022-01-12 16:02:34 INFO  LoggersExample:83 - Converted to US Dollar currency successfully
  2022-01-12 16:02:34 INFO  LoggersExample:91 - Chrome closed successfully!!!
  2022-01-13 13:22:02 INFO  LoggersExample:43 - Browser opened successfully!!!
  2022-01-13 13:22:36 INFO  LoggersExample:47 - Browser opened successfully!!!
  